d:\учеба гнездилова\ииувм\iuwm4\iuwm4\x64\debug\vc143.pdb
d:\учеба гнездилова\ииувм\iuwm4\iuwm4\x64\debug\vc143.idb
d:\учеба гнездилова\ииувм\iuwm4\iuwm4\x64\debug\source.obj
d:\учеба гнездилова\ииувм\iuwm4\iuwm4\x64\debug\web.obj
d:\учеба гнездилова\ииувм\iuwm4\iuwm4\x64\debug\main.obj
d:\учеба гнездилова\ииувм\iuwm4\x64\debug\iuwm4.pdb
d:\учеба гнездилова\ииувм\iuwm4\iuwm4\x64\debug\iuwm4.tlog\cl.command.1.tlog
d:\учеба гнездилова\ииувм\iuwm4\iuwm4\x64\debug\iuwm4.tlog\cl.items.tlog
d:\учеба гнездилова\ииувм\iuwm4\iuwm4\x64\debug\iuwm4.tlog\cl.read.1.tlog
d:\учеба гнездилова\ииувм\iuwm4\iuwm4\x64\debug\iuwm4.tlog\cl.write.1.tlog
d:\учеба гнездилова\ииувм\iuwm4\iuwm4\x64\debug\iuwm4.tlog\link-cvtres.read.1.tlog
d:\учеба гнездилова\ииувм\iuwm4\iuwm4\x64\debug\iuwm4.tlog\link-cvtres.write.1.tlog
d:\учеба гнездилова\ииувм\iuwm4\iuwm4\x64\debug\iuwm4.tlog\link-rc.read.1.tlog
d:\учеба гнездилова\ииувм\iuwm4\iuwm4\x64\debug\iuwm4.tlog\link-rc.write.1.tlog
d:\учеба гнездилова\ииувм\iuwm4\iuwm4\x64\debug\iuwm4.tlog\link.12840-cvtres.read.1.tlog
d:\учеба гнездилова\ииувм\iuwm4\iuwm4\x64\debug\iuwm4.tlog\link.12840-cvtres.write.1.tlog
d:\учеба гнездилова\ииувм\iuwm4\iuwm4\x64\debug\iuwm4.tlog\link.12840-rc.read.1.tlog
d:\учеба гнездилова\ииувм\iuwm4\iuwm4\x64\debug\iuwm4.tlog\link.12840-rc.write.1.tlog
d:\учеба гнездилова\ииувм\iuwm4\iuwm4\x64\debug\iuwm4.tlog\link.12840.read.1.tlog
d:\учеба гнездилова\ииувм\iuwm4\iuwm4\x64\debug\iuwm4.tlog\link.12840.read.2.tlog
d:\учеба гнездилова\ииувм\iuwm4\iuwm4\x64\debug\iuwm4.tlog\link.12840.write.1.tlog
d:\учеба гнездилова\ииувм\iuwm4\iuwm4\x64\debug\iuwm4.tlog\link.command.1.tlog
d:\учеба гнездилова\ииувм\iuwm4\iuwm4\x64\debug\iuwm4.tlog\link.read.1.tlog
d:\учеба гнездилова\ииувм\iuwm4\iuwm4\x64\debug\iuwm4.tlog\link.read.2.tlog
d:\учеба гнездилова\ииувм\iuwm4\iuwm4\x64\debug\iuwm4.tlog\link.write.1.tlog
